{"level":"info","message":"::1 - - [06/Oct/2025:22:15:37 +0000] \"GET / HTTP/1.1\" - - \"-\" \"Mozilla/5.0 (X11; Linux x86_64) AppleWebKit/537.36 (KHTML, like Gecko) Chrome/140.0.0.0 Safari/537.36\"","service":"acquisitions-api"}
{"level":"info","message":"::1 - - [06/Oct/2025:22:16:27 +0000] \"GET / HTTP/1.1\" - - \"-\" \"Mozilla/5.0 (X11; Linux x86_64) AppleWebKit/537.36 (KHTML, like Gecko) Chrome/140.0.0.0 Safari/537.36\"","service":"acquisitions-api"}
{"level":"info","message":"::1 - - [06/Oct/2025:22:17:02 +0000] \"GET / HTTP/1.1\" - - \"-\" \"Mozilla/5.0 (X11; Linux x86_64) AppleWebKit/537.36 (KHTML, like Gecko) Chrome/140.0.0.0 Safari/537.36\"","service":"acquisitions-api"}
{"level":"info","message":"Hello from acquisitions!","service":"acquisitions-api"}
{"level":"info","message":"Hello from acquisitions!","service":"acquisitions-api"}
{"level":"info","message":"Hello from acquisitions!","service":"acquisitions-api"}
{"level":"info","message":"::1 - - [06/Oct/2025:22:18:08 +0000] \"GET / HTTP/1.1\" 304 - \"-\" \"Mozilla/5.0 (X11; Linux x86_64) AppleWebKit/537.36 (KHTML, like Gecko) Chrome/140.0.0.0 Safari/537.36\"","service":"acquisitions-api"}
{"level":"info","message":"Hello from acquisitions!","service":"acquisitions-api"}
{"level":"info","message":"::1 - - [06/Oct/2025:22:33:45 +0000] \"GET / HTTP/1.1\" 200 24 \"-\" \"HTTPie\"","service":"acquisitions-api"}
{"level":"info","message":"::1 - - [06/Oct/2025:22:34:02 +0000] \"GET /api HTTP/1.1\" 200 45 \"-\" \"HTTPie\"","service":"acquisitions-api"}
{"level":"info","message":"::1 - - [06/Oct/2025:22:34:14 +0000] \"GET /health HTTP/1.1\" 200 76 \"-\" \"HTTPie\"","service":"acquisitions-api"}
{"level":"info","message":"::1 - - [06/Oct/2025:22:34:35 +0000] \"POST /api/auth/sign-in HTTP/1.1\" 404 156 \"-\" \"HTTPie\"","service":"acquisitions-api"}
{"level":"info","message":"::1 - - [06/Oct/2025:22:54:37 +0000] \"POST /api/auth/sign-in HTTP/1.1\" 404 156 \"-\" \"HTTPie\"","service":"acquisitions-api"}
{"level":"info","message":"::1 - - [06/Oct/2025:22:57:05 +0000] \"POST /api/auth/sign-in HTTP/1.1\" 404 156 \"-\" \"HTTPie\"","service":"acquisitions-api"}
{"level":"info","message":"::1 - - [06/Oct/2025:22:57:41 +0000] \"POST /api/auth/sign-in HTTP/1.1\" 200 31 \"-\" \"HTTPie\"","service":"acquisitions-api"}
{"level":"info","message":"::1 - - [06/Oct/2025:22:57:50 +0000] \"POST /api/auth/sign-up HTTP/1.1\" 200 31 \"-\" \"HTTPie\"","service":"acquisitions-api"}
{"level":"info","message":"::1 - - [06/Oct/2025:23:06:35 +0000] \"POST /api/auth/sign-up HTTP/1.1\" 400 29 \"-\" \"HTTPie\"","service":"acquisitions-api"}
{"level":"info","message":"::1 - - [06/Oct/2025:23:07:29 +0000] \"POST /api/auth/sign-up?email=hol%40gmail.com&name=Daavid&password=1234567 HTTP/1.1\" 400 29 \"-\" \"HTTPie\"","service":"acquisitions-api"}
{"level":"info","message":"::1 - - [06/Oct/2025:23:07:47 +0000] \"POST /api/auth/sign-up?name=Daavid&email=hol%40gmail.com&password=1234567 HTTP/1.1\" 400 29 \"-\" \"HTTPie\"","service":"acquisitions-api"}
{"level":"info","message":"::1 - - [06/Oct/2025:23:07:49 +0000] \"POST /api/auth/sign-up?name=Daavid&email=hol%40gmail.com&password=1234567 HTTP/1.1\" 400 29 \"-\" \"HTTPie\"","service":"acquisitions-api"}
{"level":"info","message":"::1 - - [06/Oct/2025:23:10:31 +0000] \"POST /api/auth/sign-up?name=Daavid&email=hol%40gmail.com&password=1234567 HTTP/1.1\" 400 29 \"-\" \"HTTPie\"","service":"acquisitions-api"}
{"level":"info","message":"::1 - - [06/Oct/2025:23:10:57 +0000] \"POST /api/auth/sign-up?name=Daavid&email=holdasdasd%40gmail.com&password=1234567 HTTP/1.1\" 400 29 \"-\" \"HTTPie\"","service":"acquisitions-api"}
{"level":"info","message":"::1 - - [06/Oct/2025:23:12:18 +0000] \"POST /api/auth/sign-up?name=Daavid&email=holdasdasd%40gmail.com&password=1234567 HTTP/1.1\" 400 62 \"-\" \"HTTPie\"","service":"acquisitions-api"}
{"level":"info","message":"User registered successfully: david@gmail.com","service":"acquisitions-api"}
{"level":"info","message":"::1 - - [06/Oct/2025:23:15:16 +0000] \"POST /api/auth/sign-up?name=Daavid&email=holdasdasd%40gmail.com&password=1234567 HTTP/1.1\" 201 113 \"-\" \"HTTPie\"","service":"acquisitions-api"}
